# JRE version: OpenJDK Runtime Environment Temurin-17.0.5+8 (17.0.5+8) (build 17.0.5+8)
# Java VM: OpenJDK 64-Bit Server VM Temurin-17.0.5+8 (17.0.5+8, mixed mode, tiered, compressed oops, compressed class ptrs, g1 gc, windows-amd64)
GC Precious Log:
 CPUs: 8 total, 8 available
 Memory: 16067M
 Large Page Support: Disabled
 NUMA Support: Disabled
 Compressed Oops: Enabled (Zero based)
 Heap Region Size: 2M
 Heap Min Capacity: 8M
 Heap Initial Capacity: 252M
 Heap Max Capacity: 4018M
 Pre-touch: Disabled
 Parallel Workers: 8
 Concurrent Workers: 2
 Concurrent Refinement Workers: 8
 Periodic GC: Disabled
Heap:
 garbage-first heap   total 75776K, used 25043K [0x0000000704e00000, 0x0000000800000000)
  region size 2048K, 3 young (6144K), 1 survivors (2048K)
 Metaspace       used 29422K, committed 29632K, reserved 1081344K
  class space    used 3283K, committed 3392K, reserved 1048576K
GC Heap History (10 events):
Event: 1.364 GC heap before
{Heap before GC invocations=0 (full 0):
 garbage-first heap   total 258048K, used 22528K [0x0000000704e00000, 0x0000000800000000)
  region size 2048K, 11 young (22528K), 0 survivors (0K)
 Metaspace       used 15590K, committed 15744K, reserved 1064960K
  class space    used 1565K, committed 1664K, reserved 1048576K
}
Event: 1.369 GC heap after
{Heap after GC invocations=1 (full 0):
 garbage-first heap   total 258048K, used 6728K [0x0000000704e00000, 0x0000000800000000)
  region size 2048K, 2 young (4096K), 2 survivors (4096K)
 Metaspace       used 15590K, committed 15744K, reserved 1064960K
  class space    used 1565K, committed 1664K, reserved 1048576K
}
Event: 4.327 GC heap before
{Heap before GC invocations=1 (full 0):
 garbage-first heap   total 258048K, used 29256K [0x0000000704e00000, 0x0000000800000000)
  region size 2048K, 14 young (28672K), 2 survivors (4096K)
 Metaspace       used 20393K, committed 20544K, reserved 1073152K
  class space    used 2111K, committed 2176K, reserved 1048576K
}
Event: 4.332 GC heap after
{Heap after GC invocations=2 (full 0):
 garbage-first heap   total 258048K, used 9770K [0x0000000704e00000, 0x0000000800000000)
  region size 2048K, 2 young (4096K), 2 survivors (4096K)
 Metaspace       used 20393K, committed 20544K, reserved 1073152K
  class space    used 2111K, committed 2176K, reserved 1048576K
}
Event: 4.817 GC heap before
{Heap before GC invocations=2 (full 0):
 garbage-first heap   total 258048K, used 26154K [0x0000000704e00000, 0x0000000800000000)
  region size 2048K, 11 young (22528K), 2 survivors (4096K)
 Metaspace       used 21355K, committed 21504K, reserved 1073152K
  class space    used 2231K, committed 2304K, reserved 1048576K
}
Event: 4.826 GC heap after
{Heap after GC invocations=3 (full 0):
 garbage-first heap   total 258048K, used 18121K [0x0000000704e00000, 0x0000000800000000)
  region size 2048K, 6 young (12288K), 6 survivors (12288K)
 Metaspace       used 21355K, committed 21504K, reserved 1073152K
  class space    used 2231K, committed 2304K, reserved 1048576K
}
Event: 99.253 GC heap before
{Heap before GC invocations=4 (full 0):
 garbage-first heap   total 75776K, used 50889K [0x0000000704e00000, 0x0000000800000000)
  region size 2048K, 22 young (45056K), 6 survivors (12288K)
 Metaspace       used 29324K, committed 29568K, reserved 1081344K
  class space    used 3283K, committed 3392K, reserved 1048576K
}
Event: 99.281 GC heap after
{Heap after GC invocations=5 (full 0):
 garbage-first heap   total 75776K, used 22392K [0x0000000704e00000, 0x0000000800000000)
  region size 2048K, 3 young (6144K), 3 survivors (6144K)
 Metaspace       used 29324K, committed 29568K, reserved 1081344K
  class space    used 3283K, committed 3392K, reserved 1048576K
}
Event: 165.958 GC heap before
{Heap before GC invocations=5 (full 0):
 garbage-first heap   total 75776K, used 22392K [0x0000000704e00000, 0x0000000800000000)
  region size 2048K, 4 young (8192K), 3 survivors (6144K)
 Metaspace       used 29369K, committed 29632K, reserved 1081344K
  class space    used 3283K, committed 3392K, reserved 1048576K
}
Event: 165.968 GC heap after
{Heap after GC invocations=6 (full 0):
 garbage-first heap   total 75776K, used 22995K [0x0000000704e00000, 0x0000000800000000)
  region size 2048K, 1 young (2048K), 1 survivors (2048K)
 Metaspace       used 29369K, committed 29632K, reserved 1081344K
  class space    used 3283K, committed 3392K, reserved 1048576K
}

