<?xml version="1.0" encoding="UTF-8"?>
<!-- Generated by org.testng.reporters.JUnitXMLReporter -->
<testsuite ignored="18" hostname="C02HF1XGQ6L5" failures="0" tests="7" name="CreditCardDiffCurrencyandCountry" time="5005.525" errors="0" timestamp="2024-08-08T16:24:20 IST">
  <testcase classname="com.cybersource.test.woocommerce.CreditCard" name="executeDiffCurrencies" time="886.854"/>
  <testcase classname="com.cybersource.test.woocommerce.CreditCard" name="executeDiffCurrencies" time="1105.5"/>
  <testcase classname="com.cybersource.test.woocommerce.CreditCard" name="executeDiffCurrencies" time="461.424">
    <skipped/>
  </testcase> <!-- executeDiffCurrencies -->
  <testcase classname="com.cybersource.test.woocommerce.CreditCard" name="executeDiffCurrencies" time="453.116">
    <skipped/>
  </testcase> <!-- executeDiffCurrencies -->
  <testcase classname="com.cybersource.test.woocommerce.CreditCard" name="executeDiffCurrencies" time="469.16">
    <skipped/>
  </testcase> <!-- executeDiffCurrencies -->
  <testcase classname="com.cybersource.test.woocommerce.CreditCard" name="executeDiffCurrencies" time="472.501">
    <skipped/>
  </testcase> <!-- executeDiffCurrencies -->
  <testcase classname="com.cybersource.test.woocommerce.CreditCard" name="executeDiffCurrencies" time="1141.051"/>
  <testcase classname="com.cybersource.test.woocommerce.CreditCard" name="executeShippingMethod" time="0.0">
    <ignored/>
  </testcase> <!-- executeShippingMethod -->
  <testcase classname="com.cybersource.test.woocommerce.CreditCard" name="executeSaleParRefund" time="0.0">
    <ignored/>
  </testcase> <!-- executeSaleParRefund -->
  <testcase classname="com.cybersource.test.woocommerce.CreditCard" name="executeAuthCapRefund" time="0.0">
    <ignored/>
  </testcase> <!-- executeAuthCapRefund -->
  <testcase classname="com.cybersource.test.woocommerce.CreditCard" name="executeSale" time="0.0">
    <ignored/>
  </testcase> <!-- executeSale -->
  <testcase classname="com.cybersource.test.woocommerce.CreditCard" name="CreditCardConfiguration" time="0.0">
    <ignored/>
  </testcase> <!-- CreditCardConfiguration -->
  <testcase classname="com.cybersource.test.woocommerce.CreditCard" name="executeAuth" time="0.0">
    <ignored/>
  </testcase> <!-- executeAuth -->
  <testcase classname="com.cybersource.test.woocommerce.CreditCard" name="executeAuthCapture" time="0.0">
    <ignored/>
  </testcase> <!-- executeAuthCapture -->
  <testcase classname="com.cybersource.test.woocommerce.CreditCard" name="executeTokenization" time="0.0">
    <ignored/>
  </testcase> <!-- executeTokenization -->
  <testcase classname="com.cybersource.test.woocommerce.CreditCard" name="executePayerAuth" time="0.0">
    <ignored/>
  </testcase> <!-- executePayerAuth -->
  <testcase classname="com.cybersource.test.woocommerce.CreditCard" name="executeDecisionManager" time="0.0">
    <ignored/>
  </testcase> <!-- executeDecisionManager -->
  <testcase classname="com.cybersource.test.woocommerce.CreditCard" name="executeMyAccountDeleteCard" time="0.0">
    <ignored/>
  </testcase> <!-- executeMyAccountDeleteCard -->
  <testcase classname="com.cybersource.test.woocommerce.CreditCard" name="executeCoupons" time="0.0">
    <ignored/>
  </testcase> <!-- executeCoupons -->
  <testcase classname="com.cybersource.test.woocommerce.CreditCard" name="executeAuthAuthReversal" time="0.0">
    <ignored/>
  </testcase> <!-- executeAuthAuthReversal -->
  <testcase classname="com.cybersource.test.woocommerce.CreditCard" name="executeTaxes" time="0.0">
    <ignored/>
  </testcase> <!-- executeTaxes -->
  <testcase classname="com.cybersource.test.woocommerce.CreditCard" name="executeAuthCapParRefund" time="0.0">
    <ignored/>
  </testcase> <!-- executeAuthCapParRefund -->
  <testcase classname="com.cybersource.test.woocommerce.CreditCard" name="executeSaleRefund" time="0.0">
    <ignored/>
  </testcase> <!-- executeSaleRefund -->
  <testcase classname="com.cybersource.test.woocommerce.CreditCard" name="executeNullInvalidScenarioCase" time="0.0">
    <ignored/>
  </testcase> <!-- executeNullInvalidScenarioCase -->
  <testcase classname="com.cybersource.test.woocommerce.CreditCard" name="executeMyAccountAddCard" time="0.0">
    <ignored/>
  </testcase> <!-- executeMyAccountAddCard -->
</testsuite> <!-- CreditCardDiffCurrencyandCountry -->
