<?xml version="1.0" encoding="UTF-8"?>
<!-- Generated by org.testng.reporters.JUnitXMLReporter -->
<testsuite ignored="13" hostname="L-356047061" failures="0" tests="2" name="CreditCardPayerAuth" time="759.003" errors="0" timestamp="2023-10-31T14:36:15 IST">
  <testcase classname="com.cybersource.test.woocommerce.CreditCard" name="executePayerAuth" time="454.885"/>
  <testcase classname="com.cybersource.test.woocommerce.CreditCard" name="executePayerAuth" time="295.996"/>
  <testcase classname="com.cybersource.test.woocommerce.CreditCard" name="executeTaxes" time="0.0">
    <ignored/>
  </testcase> <!-- executeTaxes -->
  <testcase classname="com.cybersource.test.woocommerce.CreditCard" name="nullScenarioCase" time="0.0">
    <ignored/>
  </testcase> <!-- nullScenarioCase -->
  <testcase classname="com.cybersource.test.woocommerce.CreditCard" name="executeDecisionManager" time="0.0">
    <ignored/>
  </testcase> <!-- executeDecisionManager -->
  <testcase classname="com.cybersource.test.woocommerce.CreditCard" name="executeMyAccountAddCard" time="0.0">
    <ignored/>
  </testcase> <!-- executeMyAccountAddCard -->
  <testcase classname="com.cybersource.test.woocommerce.CreditCard" name="executeAuthAuthReversal" time="0.0">
    <ignored/>
  </testcase> <!-- executeAuthAuthReversal -->
  <testcase classname="com.cybersource.test.woocommerce.CreditCard" name="executeAuthCapRefund" time="0.0">
    <ignored/>
  </testcase> <!-- executeAuthCapRefund -->
  <testcase classname="com.cybersource.test.woocommerce.CreditCard" name="CreditCardConfiguration" time="0.0">
    <ignored/>
  </testcase> <!-- CreditCardConfiguration -->
  <testcase classname="com.cybersource.test.woocommerce.CreditCard" name="executeCoupons" time="0.0">
    <ignored/>
  </testcase> <!-- executeCoupons -->
  <testcase classname="com.cybersource.test.woocommerce.CreditCard" name="executeAuth" time="0.0">
    <ignored/>
  </testcase> <!-- executeAuth -->
  <testcase classname="com.cybersource.test.woocommerce.CreditCard" name="executeSaleRefund" time="0.0">
    <ignored/>
  </testcase> <!-- executeSaleRefund -->
  <testcase classname="com.cybersource.test.woocommerce.CreditCard" name="executeSale" time="0.0">
    <ignored/>
  </testcase> <!-- executeSale -->
  <testcase classname="com.cybersource.test.woocommerce.CreditCard" name="executeMyAccountDeleteCard" time="0.0">
    <ignored/>
  </testcase> <!-- executeMyAccountDeleteCard -->
  <testcase classname="com.cybersource.test.woocommerce.CreditCard" name="executeAuthCapture" time="0.0">
    <ignored/>
  </testcase> <!-- executeAuthCapture -->
</testsuite> <!-- CreditCardPayerAuth -->
