<?xml version="1.0" encoding="UTF-8"?>
<!-- Generated by org.testng.reporters.JUnitXMLReporter -->
<testsuite ignored="7" hostname="L-356047061" failures="0" tests="0" name="GooglePaySale" time="619.243" errors="0" timestamp="2023-07-13T15:47:24 IST">
  <testcase classname="com.cybersource.test.woocommerce.GooglePay" name="GooglePayConfiguration" time="0.0">
    <ignored/>
  </testcase> <!-- GooglePayConfiguration -->
  <testcase classname="com.cybersource.test.woocommerce.GooglePay" name="executeAuthCapture" time="0.0">
    <ignored/>
  </testcase> <!-- executeAuthCapture -->
  <testcase classname="com.cybersource.test.woocommerce.GooglePay" name="executeAuthCapRefund" time="0.0">
    <ignored/>
  </testcase> <!-- executeAuthCapRefund -->
  <testcase classname="com.cybersource.test.woocommerce.GooglePay" name="executeAuthAuthReversal" time="0.0">
    <ignored/>
  </testcase> <!-- executeAuthAuthReversal -->
  <testcase classname="com.cybersource.test.woocommerce.GooglePay" name="executeSaleRefund" time="0.0">
    <ignored/>
  </testcase> <!-- executeSaleRefund -->
  <testcase classname="com.cybersource.test.woocommerce.GooglePay" name="executeDecisionManager" time="0.0">
    <ignored/>
  </testcase> <!-- executeDecisionManager -->
  <testcase classname="com.cybersource.test.woocommerce.GooglePay" name="executeAuth" time="0.0">
    <ignored/>
  </testcase> <!-- executeAuth -->
</testsuite> <!-- GooglePaySale -->
